Base path: /Applications/Unity/Hub/Editor/2019.1.0f2/Unity.app/Contents
Cmd: initializeCompiler
Cmd: disassembleShader
  api=4 insize=1894 outsize=3310 ok=1
Cmd: disassembleShader
  api=4 insize=1894 outsize=3310 ok=1
Cmd: disassembleShader
  api=4 insize=2254 outsize=3768 ok=1
Cmd: disassembleShader
  api=4 insize=2126 outsize=3622 ok=1
Cmd: disassembleShader
  api=4 insize=2126 outsize=3622 ok=1
Cmd: disassembleShader
  api=4 insize=2002 outsize=3466 ok=1
Cmd: disassembleShader
  api=4 insize=2002 outsize=3466 ok=1
Cmd: disassembleShader
  api=4 insize=2002 outsize=3466 ok=1
Cmd: disassembleShader
  api=4 insize=1638 outsize=2982 ok=1
Cmd: disassembleShader
  api=4 insize=2018 outsize=3466 ok=1
Cmd: disassembleShader
  api=4 insize=3106 outsize=4953 ok=1
Cmd: disassembleShader
  api=4 insize=3106 outsize=4953 ok=1
Cmd: disassembleShader
  api=4 insize=1746 outsize=3138 ok=1
Cmd: disassembleShader
  api=4 insize=1746 outsize=3138 ok=1
Cmd: disassembleShader
  api=4 insize=1746 outsize=3138 ok=1
Cmd: disassembleShader
  api=4 insize=2854 outsize=4651 ok=1
Cmd: disassembleShader
  api=4 insize=3214 outsize=5109 ok=1
Cmd: disassembleShader
  api=4 insize=2018 outsize=3466 ok=1
Cmd: disassembleShader
  api=4 insize=2018 outsize=3466 ok=1
Cmd: disassembleShader
  api=4 insize=5590 outsize=7905 ok=1
Cmd: disassembleShader
  api=4 insize=6886 outsize=9768 ok=1
Cmd: disassembleShader
  api=4 insize=7382 outsize=10520 ok=1
Cmd: disassembleShader
  api=4 insize=6418 outsize=9097 ok=1
Cmd: disassembleShader
  api=4 insize=6490 outsize=9246 ok=1
Cmd: disassembleShader
  api=4 insize=7294 outsize=10370 ok=1
Cmd: disassembleShader
  api=4 insize=7366 outsize=10510 ok=1
Cmd: disassembleShader
  api=4 insize=7190 outsize=10185 ok=1
Cmd: disassembleShader
  api=4 insize=5662 outsize=8057 ok=1
Cmd: disassembleShader
  api=4 insize=6158 outsize=8809 ok=1
Cmd: disassembleShader
  api=4 insize=1690 outsize=3080 ok=1
Cmd: disassembleShader
  api=4 insize=2298 outsize=3899 ok=1
Cmd: disassembleShader
  api=4 insize=1918 outsize=3415 ok=1
Cmd: disassembleShader
  api=4 insize=2298 outsize=3894 ok=1
Cmd: disassembleShader
  api=4 insize=1918 outsize=3405 ok=1
Cmd: disassembleShader
  api=4 insize=2298 outsize=3899 ok=1
Cmd: disassembleShader
  api=4 insize=1918 outsize=3415 ok=1
Cmd: disassembleShader
  api=4 insize=2298 outsize=3904 ok=1
Cmd: disassembleShader
  api=4 insize=1798 outsize=3236 ok=1
Cmd: disassembleShader
  api=4 insize=2434 outsize=4078 ok=1
Cmd: disassembleShader
  api=4 insize=2054 outsize=3594 ok=1
Cmd: disassembleShader
  api=4 insize=2298 outsize=3894 ok=1
Cmd: disassembleShader
  api=4 insize=1918 outsize=3410 ok=1
Cmd: disassembleShader
  api=4 insize=2298 outsize=3894 ok=1
Cmd: disassembleShader
  api=4 insize=1918 outsize=3410 ok=1
Cmd: disassembleShader
  api=4 insize=2298 outsize=3894 ok=1
Cmd: disassembleShader
  api=4 insize=1918 outsize=3410 ok=1
Cmd: disassembleShader
  api=4 insize=3742 outsize=5518 ok=1
Cmd: disassembleShader
  api=4 insize=3834 outsize=5686 ok=1
Cmd: disassembleShader
  api=4 insize=4050 outsize=6017 ok=1
Cmd: disassembleShader
  api=4 insize=4226 outsize=6250 ok=1
Cmd: disassembleShader
  api=4 insize=3834 outsize=5683 ok=1
Cmd: disassembleShader
  api=4 insize=4094 outsize=6093 ok=1
Cmd: disassembleShader
  api=4 insize=4822 outsize=7029 ok=1
Cmd: disassembleShader
  api=4 insize=6510 outsize=9355 ok=1
Cmd: disassembleShader
  api=4 insize=6118 outsize=8787 ok=1
Cmd: disassembleShader
  api=4 insize=4390 outsize=6461 ok=1
Cmd: disassembleShader
  api=4 insize=4258 outsize=6301 ok=1
Cmd: disassembleShader
  api=4 insize=5034 outsize=7179 ok=1
Cmd: disassembleShader
  api=4 insize=4642 outsize=6612 ok=1
Cmd: disassembleShader
  api=4 insize=5498 outsize=7960 ok=1
Cmd: disassembleShader
  api=4 insize=4798 outsize=6911 ok=1
Cmd: disassembleShader
  api=4 insize=5526 outsize=7991 ok=1
Cmd: disassembleShader
  api=4 insize=5134 outsize=7424 ok=1
Cmd: disassembleShader
  api=4 insize=4198 outsize=6219 ok=1
Cmd: disassembleShader
  api=4 insize=1298 outsize=2142 ok=1
Cmd: disassembleShader
  api=4 insize=218 outsize=660 ok=1
Cmd: disassembleShader
  api=4 insize=218 outsize=660 ok=1
Cmd: disassembleShader
  api=4 insize=2166 outsize=3621 ok=1
Cmd: disassembleShader
  api=4 insize=2166 outsize=3621 ok=1
Cmd: disassembleShader
  api=4 insize=1930 outsize=3319 ok=1
Cmd: disassembleShader
  api=4 insize=1930 outsize=3319 ok=1
Cmd: disassembleShader
  api=4 insize=1806 outsize=3163 ok=1
Cmd: disassembleShader
  api=4 insize=1806 outsize=3163 ok=1
Cmd: disassembleShader
  api=4 insize=1806 outsize=3163 ok=1
Cmd: disassembleShader
  api=4 insize=1550 outsize=2835 ok=1
Cmd: disassembleShader
  api=4 insize=1930 outsize=3319 ok=1
Cmd: disassembleShader
  api=4 insize=2906 outsize=5031 ok=1
Cmd: disassembleShader
  api=4 insize=2970 outsize=5165 ok=1
Cmd: disassembleShader
  api=4 insize=1206 outsize=2568 ok=1
Cmd: disassembleShader
  api=4 insize=1270 outsize=2702 ok=1
Cmd: disassembleShader
  api=4 insize=1122 outsize=2401 ok=1
Cmd: disassembleShader
  api=4 insize=2554 outsize=4571 ok=1
Cmd: disassembleShader
  api=4 insize=3050 outsize=5323 ok=1
Cmd: disassembleShader
  api=4 insize=1230 outsize=2595 ok=1
Cmd: disassembleShader
  api=4 insize=1294 outsize=2729 ok=1
Cmd: disassembleShader
  api=4 insize=2334 outsize=3950 ok=1
Cmd: disassembleShader
  api=4 insize=2334 outsize=3950 ok=1
Cmd: disassembleShader
  api=4 insize=2334 outsize=3950 ok=1
Cmd: disassembleShader
  api=4 insize=1746 outsize=3138 ok=1
Cmd: disassembleShader
  api=4 insize=2126 outsize=3622 ok=1
Cmd: disassembleShader
  api=4 insize=2362 outsize=3924 ok=1
Cmd: disassembleShader
  api=4 insize=2362 outsize=3924 ok=1
Cmd: disassembleShader
  api=4 insize=1714 outsize=3071 ok=1
Cmd: disassembleShader
  api=4 insize=1714 outsize=3071 ok=1
Cmd: disassembleShader
  api=4 insize=1714 outsize=3071 ok=1
Cmd: disassembleShader
  api=4 insize=3070 outsize=4936 ok=1
Cmd: disassembleShader
  api=4 insize=3430 outsize=5394 ok=1
Cmd: disassembleShader
  api=4 insize=2126 outsize=3622 ok=1
Cmd: disassembleShader
  api=4 insize=2126 outsize=3622 ok=1
Cmd: disassembleShader
  api=4 insize=2854 outsize=4651 ok=1
Cmd: disassembleShader
  api=4 insize=2854 outsize=4651 ok=1
Cmd: disassembleShader
  api=4 insize=2854 outsize=4651 ok=1
Cmd: disassembleShader
  api=4 insize=1714 outsize=3071 ok=1
Cmd: disassembleShader
  api=4 insize=2094 outsize=3555 ok=1
Cmd: disassembleShader
  api=4 insize=3070 outsize=5082 ok=1
Cmd: disassembleShader
  api=4 insize=3130 outsize=5189 ok=1
Cmd: disassembleShader
  api=4 insize=6130 outsize=8715 ok=1
Cmd: disassembleShader
  api=4 insize=6202 outsize=8864 ok=1
Cmd: disassembleShader
  api=4 insize=6026 outsize=8530 ok=1
Cmd: disassembleShader
  api=4 insize=7262 outsize=10325 ok=1
Cmd: disassembleShader
  api=4 insize=7758 outsize=11077 ok=1
Cmd: disassembleShader
  api=4 insize=2994 outsize=4970 ok=1
Cmd: disassembleShader
  api=4 insize=3054 outsize=5077 ok=1
Cmd: disassembleShader
  api=4 insize=2146 outsize=3653 ok=1
Cmd: disassembleShader
  api=4 insize=1766 outsize=3169 ok=1
Cmd: disassembleShader
  api=4 insize=2450 outsize=4077 ok=1
Cmd: disassembleShader
  api=4 insize=2070 outsize=3588 ok=1
Cmd: disassembleShader
  api=4 insize=2374 outsize=3978 ok=1
Cmd: disassembleShader
  api=4 insize=1994 outsize=3494 ok=1
Cmd: disassembleShader
  api=4 insize=2450 outsize=4077 ok=1
Cmd: disassembleShader
  api=4 insize=1798 outsize=3236 ok=1
Cmd: disassembleShader
  api=4 insize=2434 outsize=4078 ok=1
Cmd: disassembleShader
  api=4 insize=2054 outsize=3594 ok=1
Cmd: disassembleShader
  api=4 insize=2450 outsize=4072 ok=1
Cmd: disassembleShader
  api=4 insize=2070 outsize=3588 ok=1
Cmd: disassembleShader
  api=4 insize=2450 outsize=4072 ok=1
Cmd: disassembleShader
  api=4 insize=2238 outsize=3927 ok=1
Cmd: disassembleShader
  api=4 insize=2770 outsize=4737 ok=1
Cmd: disassembleShader
  api=4 insize=2486 outsize=4297 ok=1
Cmd: disassembleShader
  api=4 insize=2682 outsize=4671 ok=1
Cmd: disassembleShader
  api=4 insize=2278 outsize=4029 ok=1
Cmd: disassembleShader
  api=4 insize=2510 outsize=4326 ok=1
Cmd: disassembleShader
  api=4 insize=2226 outsize=3886 ok=1
Cmd: disassembleShader
  api=4 insize=4390 outsize=6461 ok=1
Cmd: disassembleShader
  api=4 insize=4258 outsize=6301 ok=1
Cmd: disassembleShader
  api=4 insize=2190 outsize=3787 ok=1
Cmd: disassembleShader
  api=4 insize=2502 outsize=4258 ok=1
Cmd: disassembleShader
  api=4 insize=2218 outsize=3818 ok=1
Cmd: disassembleShader
  api=4 insize=2590 outsize=4506 ok=1
Cmd: disassembleShader
  api=4 insize=1414 outsize=2269 ok=1
Cmd: disassembleShader
  api=4 insize=1414 outsize=2269 ok=1
Cmd: disassembleShader
  api=4 insize=218 outsize=660 ok=1
Cmd: compileSnippet
  api=14 type=0 insize=2815 outsize=2442 kw=SOFTPARTICLES_ON pd=UNITY_ENABLE_REFLECTION_BUFFERS UNITY_USE_DITHER_MASK_FOR_ALPHABLENDED_SHADOWS UNITY_PBS_USE_BRDF1 UNITY_SPECCUBE_BOX_PROJECTION UNITY_SPECCUBE_BLENDING UNITY_ENABLE_DETAIL_NORMALMAP SHADER_API_DESKTOP UNITY_COLORSPACE_GAMMA UNITY_LIGHT_PROBE_PROXY_VOLUME UNITY_LIGHTMAP_FULL_HDR ok=1
Cmd: compileSnippet
  api=14 type=0 insize=2680 outsize=2397 kw=SOFTPARTICLES_ON pd=UNITY_ENABLE_REFLECTION_BUFFERS UNITY_USE_DITHER_MASK_FOR_ALPHABLENDED_SHADOWS UNITY_PBS_USE_BRDF1 UNITY_SPECCUBE_BOX_PROJECTION UNITY_SPECCUBE_BLENDING UNITY_ENABLE_DETAIL_NORMALMAP SHADER_API_DESKTOP UNITY_COLORSPACE_GAMMA UNITY_LIGHT_PROBE_PROXY_VOLUME UNITY_LIGHTMAP_FULL_HDR ok=1
Cmd: compileSnippet
  api=14 type=1 insize=19352 outsize=8679 kw=UNITY_PASS_FORWARDBASE DIRECTIONAL SHADOWS_SCREEN LIGHTPROBE_SH pd=UNITY_ENABLE_REFLECTION_BUFFERS UNITY_USE_DITHER_MASK_FOR_ALPHABLENDED_SHADOWS UNITY_PBS_USE_BRDF1 UNITY_SPECCUBE_BOX_PROJECTION UNITY_SPECCUBE_BLENDING UNITY_ENABLE_DETAIL_NORMALMAP SHADER_API_DESKTOP UNITY_COLORSPACE_GAMMA UNITY_LIGHT_PROBE_PROXY_VOLUME UNITY_LIGHTMAP_FULL_HDR ok=1

Quitting shader compiler process
